<?xml version="1.0" encoding="UTF-8" standalone="no"?>
<testsuite errors="0" failures="0" name="io.cucumber.core.plugin.JUnitFormatter" skipped="0" tests="1" time="10.346">
    <testcase classname="Title of your feature" name="Title of your scenario" time="10.235">
        <system-out><![CDATA[Given Launch application with url "https://flipkart.com"....................passed
When Take Screenshot........................................................passed
]]></system-out>
    </testcase>
</testsuite>
